<?xml version="1.0" encoding="UTF-8"?>
<!-- Generated by org.testng.reporters.JUnitReportReporter -->
<testsuite hostname="DESKTOP-CMB6GIS" failures="0" tests="4" name="com.qa.rcade.tests.LoginPageTest" time="1.281" errors="0" timestamp="2022-04-11T20:15:41 IST" skipped="1">
  <testcase classname="com.qa.rcade.tests.LoginPageTest" name="loginPageTitleTest" time="0.070"/>
  <system-out/>
  <testcase classname="com.qa.rcade.tests.LoginPageTest" name="loginPageUrlTest" time="0.048"/>
  <system-out/>
  <testcase classname="com.qa.rcade.tests.LoginPageTest" name="loginTest" time="1.163"/>
  <system-out/>
  <testcase classname="com.qa.rcade.tests.LoginPageTest" name="newRegisterLinkTest">
    <skipped/>
  </testcase> <!-- newRegisterLinkTest -->
  <system-out/>
</testsuite> <!-- com.qa.rcade.tests.LoginPageTest -->
